<?xml version="1.0" encoding="UTF-8"?>
<!-- Generated by org.testng.reporters.JUnitReportReporter -->
<testsuite hostname="DESKTOP-HEU2PQT" name="gw.qa.guidewiretest.LoginPageTest" tests="1" failures="0" timestamp="2 Jul 2019 05:23:12 GMT" time="23.239" errors="0">
  <testcase name="loginTest" time="23.239" classname="gw.qa.guidewiretest.LoginPageTest"/>
</testsuite> <!-- gw.qa.guidewiretest.LoginPageTest -->
